# JRE version: Java(TM) SE Runtime Environment (21.0.9+7) (build 21.0.9+7-LTS-338)
# Java VM: Java HotSpot(TM) 64-Bit Server VM (21.0.9+7-LTS-338, mixed mode, sharing, tiered, compressed oops, compressed class ptrs, g1 gc, windows-amd64)
GC Precious Log:
 CardTable entry size: 512
 Card Set container configuration: InlinePtr #cards 4 size 8 Array Of Cards #cards 16 size 48 Howl #buckets 8 coarsen threshold 3686 Howl Bitmap #cards 512 size 80 coarsen threshold 460 Card regions per heap region 1 cards per card region 4096
 CPUs: 8 total, 8 available
 Memory: 16049M
 Large Page Support: Disabled
 NUMA Support: Disabled
 Compressed Oops: Enabled (Zero based)
 Heap Region Size: 2M
 Heap Min Capacity: 8M
 Heap Initial Capacity: 252M
 Heap Max Capacity: 4014M
 Pre-touch: Disabled
 Parallel Workers: 8
 Concurrent Workers: 2
 Concurrent Refinement Workers: 8
 Periodic GC: Disabled
Heap:
 garbage-first heap   total 55296K, used 30232K [0x0000000705200000, 0x0000000800000000)
  region size 2048K, 7 young (14336K), 2 survivors (4096K)
 Metaspace       used 41730K, committed 42432K, reserved 1114112K
  class space    used 5179K, committed 5504K, reserved 1048576K
GC Heap History (14 events):
Event: 0.714 GC heap before
{Heap before GC invocations=0 (full 0):
 garbage-first heap   total 258048K, used 22528K [0x0000000705200000, 0x0000000800000000)
  region size 2048K, 11 young (22528K), 0 survivors (0K)
 Metaspace       used 5976K, committed 6208K, reserved 1114112K
  class space    used 680K, committed 768K, reserved 1048576K
}
Event: 0.718 GC heap after
{Heap after GC invocations=1 (full 0):
 garbage-first heap   total 258048K, used 5279K [0x0000000705200000, 0x0000000800000000)
  region size 2048K, 2 young (4096K), 2 survivors (4096K)
 Metaspace       used 5976K, committed 6208K, reserved 1114112K
  class space    used 680K, committed 768K, reserved 1048576K
}
Event: 1.305 GC heap before
{Heap before GC invocations=1 (full 0):
 garbage-first heap   total 258048K, used 31903K [0x0000000705200000, 0x0000000800000000)
  region size 2048K, 16 young (32768K), 2 survivors (4096K)
 Metaspace       used 13671K, committed 14016K, reserved 1114112K
  class space    used 1659K, committed 1792K, reserved 1048576K
}
Event: 1.310 GC heap after
{Heap after GC invocations=2 (full 0):
 garbage-first heap   total 258048K, used 8230K [0x0000000705200000, 0x0000000800000000)
  region size 2048K, 2 young (4096K), 2 survivors (4096K)
 Metaspace       used 13671K, committed 14016K, reserved 1114112K
  class space    used 1659K, committed 1792K, reserved 1048576K
}
Event: 2.173 GC heap before
{Heap before GC invocations=2 (full 0):
 garbage-first heap   total 258048K, used 49190K [0x0000000705200000, 0x0000000800000000)
  region size 2048K, 24 young (49152K), 2 survivors (4096K)
 Metaspace       used 21206K, committed 21504K, reserved 1114112K
  class space    used 2609K, committed 2752K, reserved 1048576K
}
Event: 2.178 GC heap after
{Heap after GC invocations=3 (full 0):
 garbage-first heap   total 258048K, used 12061K [0x0000000705200000, 0x0000000800000000)
  region size 2048K, 4 young (8192K), 4 survivors (8192K)
 Metaspace       used 21206K, committed 21504K, reserved 1114112K
  class space    used 2609K, committed 2752K, reserved 1048576K
}
Event: 2.779 GC heap before
{Heap before GC invocations=4 (full 0):
 garbage-first heap   total 55296K, used 36637K [0x0000000705200000, 0x0000000800000000)
  region size 2048K, 16 young (32768K), 4 survivors (8192K)
 Metaspace       used 25784K, committed 26176K, reserved 1114112K
  class space    used 3154K, committed 3328K, reserved 1048576K
}
Event: 2.785 GC heap after
{Heap after GC invocations=5 (full 0):
 garbage-first heap   total 55296K, used 14485K [0x0000000705200000, 0x0000000800000000)
  region size 2048K, 2 young (4096K), 2 survivors (4096K)
 Metaspace       used 25784K, committed 26176K, reserved 1114112K
  class space    used 3154K, committed 3328K, reserved 1048576K
}
Event: 3.474 GC heap before
{Heap before GC invocations=5 (full 0):
 garbage-first heap   total 55296K, used 39061K [0x0000000705200000, 0x0000000800000000)
  region size 2048K, 14 young (28672K), 2 survivors (4096K)
 Metaspace       used 30835K, committed 31360K, reserved 1114112K
  class space    used 3803K, committed 4032K, reserved 1048576K
}
Event: 3.479 GC heap after
{Heap after GC invocations=6 (full 0):
 garbage-first heap   total 55296K, used 17289K [0x0000000705200000, 0x0000000800000000)
  region size 2048K, 2 young (4096K), 2 survivors (4096K)
 Metaspace       used 30835K, committed 31360K, reserved 1114112K
  class space    used 3803K, committed 4032K, reserved 1048576K
}
Event: 3.881 GC heap before
{Heap before GC invocations=6 (full 0):
 garbage-first heap   total 55296K, used 31625K [0x0000000705200000, 0x0000000800000000)
  region size 2048K, 10 young (20480K), 2 survivors (4096K)
 Metaspace       used 35618K, committed 36160K, reserved 1114112K
  class space    used 4383K, committed 4608K, reserved 1048576K
}
Event: 3.885 GC heap after
{Heap after GC invocations=7 (full 0):
 garbage-first heap   total 55296K, used 19216K [0x0000000705200000, 0x0000000800000000)
  region size 2048K, 1 young (2048K), 1 survivors (2048K)
 Metaspace       used 35618K, committed 36160K, reserved 1114112K
  class space    used 4383K, committed 4608K, reserved 1048576K
}
Event: 4.525 GC heap before
{Heap before GC invocations=8 (full 0):
 garbage-first heap   total 55296K, used 43792K [0x0000000705200000, 0x0000000800000000)
  region size 2048K, 13 young (26624K), 1 survivors (2048K)
 Metaspace       used 39801K, committed 40448K, reserved 1114112K
  class space    used 4950K, committed 5248K, reserved 1048576K
}
Event: 4.528 GC heap after
{Heap after GC invocations=9 (full 0):
 garbage-first heap   total 55296K, used 22040K [0x0000000705200000, 0x0000000800000000)
  region size 2048K, 2 young (4096K), 2 survivors (4096K)
 Metaspace       used 39801K, committed 40448K, reserved 1114112K
  class space    used 4950K, committed 5248K, reserved 1048576K
}

